Arguments: 
  C:\Program Files\nodejs\node.exe C:\Users\Kayck\AppData\Roaming\npm\node_modules\yarn\bin\yarn.js add jest -D

PATH: 
  C:\Program Files (x86)\Common Files\Oracle\Java\javapath;C:\Windows\system32;C:\Windows;C:\Windows\System32\Wbem;C:\Windows\System32\WindowsPowerShell\v1.0\;C:\Windows\System32\OpenSSH\;C:\Program Files (x86)\NVIDIA Corporation\PhysX\Common;C:\Program Files\NVIDIA Corporation\NVIDIA NvDLISR;C:\Program Files\nodejs\;C:\Program Files\Docker\Docker\resources\bin;C:\ProgramData\DockerDesktop\version-bin;C:\Program Files\Git\cmd;C:\Users\Kayck\AppData\Local\Microsoft\WindowsApps;C:\Users\Kayck\AppData\Roaming\npm;C:\Users\Kayck\AppData\Local\Programs\Microsoft VS Code\bin;C:\src\flutter\bin;

Yarn version: 
  1.22.10

Node version: 
  14.16.0

Platform: 
  win32 x64

Trace: 
  SyntaxError: K:\Projetos Pessoais\Login-TDD\Login-TDD\package.json: Unexpected string in JSON at position 182
      at JSON.parse (<anonymous>)
      at C:\Users\Kayck\AppData\Roaming\npm\node_modules\yarn\lib\cli.js:1625:59
      at Generator.next (<anonymous>)
      at step (C:\Users\Kayck\AppData\Roaming\npm\node_modules\yarn\lib\cli.js:310:30)
      at C:\Users\Kayck\AppData\Roaming\npm\node_modules\yarn\lib\cli.js:321:13

npm manifest: 
  {
    "name": "login-tdd",
    "version": "1.0.0",
    "description": "Login com aplicações do conceito de TDD",
    "main": "index.js",
    "scripts": {
      "start": "node src/server.js"
      "dev": "nodemon ./src/server.js --ignore __tests__"
    },
    "repository": {
      "type": "git",
      "url": "git+https://github.com/kayc-kennedy/Login-TDD.git"
    },
    "author": "Kayc Kennedy",
    "license": "ISC",
    "bugs": {
      "url": "https://github.com/kayc-kennedy/Login-TDD/issues"
    },
    "homepage": "https://github.com/kayc-kennedy/Login-TDD#readme",
    "dependencies": {
      "express": "^4.17.1",
      "pg": "^8.6.0",
      "sequelize": "^6.6.2"
    },
    "devDependencies": {
      "nodemon": "^2.0.9",
      "sequelize-cli": "^6.2.0"
    }
  }

yarn manifest: 
  No manifest

Lockfile: 
  No lockfile
